Using pre-set license
Built from '2022.3/staging' branch; Version is '2022.3.4f1 (35713cd46cd7) revision 3502396'; Using compiler version '192829333'; Build Type 'Release'
OS: 'Windows 11  (10.0.22631) 64bit Core' Language: 'en' Physical Memory: 16088 MB
BatchMode: 1, IsHumanControllingUs: 0, StartBugReporterOnCrash: 0, Is64bit: 1, IsPro: 1

COMMAND LINE ARGUMENTS:
C:\Program Files\Unity\Hub\Editor\2022.3.4f1\Editor\Unity.exe
-adb2
-batchMode
-noUpm
-name
AssetImportWorker1
-projectPath
C:/Users/jakew/OneDrive/Desktop/Repositories/ExtraTerrestaurant
-logFile
Logs/AssetImportWorker1.log
-srvPort
64865
Successfully changed project path to: C:/Users/jakew/OneDrive/Desktop/Repositories/ExtraTerrestaurant
C:/Users/jakew/OneDrive/Desktop/Repositories/ExtraTerrestaurant
[UnityMemory] Configuration Parameters - Can be set up in boot.config
    "memorysetup-bucket-allocator-granularity=16"
    "memorysetup-bucket-allocator-bucket-count=8"
    "memorysetup-bucket-allocator-block-size=33554432"
    "memorysetup-bucket-allocator-block-count=8"
    "memorysetup-main-allocator-block-size=16777216"
    "memorysetup-thread-allocator-block-size=16777216"
    "memorysetup-gfx-main-allocator-block-size=16777216"
    "memorysetup-gfx-thread-allocator-block-size=16777216"
    "memorysetup-cache-allocator-block-size=4194304"
    "memorysetup-typetree-allocator-block-size=2097152"
    "memorysetup-profiler-bucket-allocator-granularity=16"
    "memorysetup-profiler-bucket-allocator-bucket-count=8"
    "memorysetup-profiler-bucket-allocator-block-size=33554432"
    "memorysetup-profiler-bucket-allocator-block-count=8"
    "memorysetup-profiler-allocator-block-size=16777216"
    "memorysetup-profiler-editor-allocator-block-size=1048576"
    "memorysetup-temp-allocator-size-main=16777216"
    "memorysetup-job-temp-allocator-block-size=2097152"
    "memorysetup-job-temp-allocator-block-size-background=1048576"
    "memorysetup-job-temp-allocator-reduction-small-platforms=262144"
    "memorysetup-allocator-temp-initial-block-size-main=262144"
    "memorysetup-allocator-temp-initial-block-size-worker=262144"
    "memorysetup-temp-allocator-size-background-worker=32768"
    "memorysetup-temp-allocator-size-job-worker=262144"
    "memorysetup-temp-allocator-size-preload-manager=33554432"
    "memorysetup-temp-allocator-size-nav-mesh-worker=65536"
    "memorysetup-temp-allocator-size-audio-worker=65536"
    "memorysetup-temp-allocator-size-cloud-worker=32768"
    "memorysetup-temp-allocator-size-gi-baking-worker=262144"
    "memorysetup-temp-allocator-size-gfx=262144"
Player connection [7536] Host "[IP] 10.181.92.253 [Port] 0 [Flags] 2 [Guid] 3008748694 [EditorId] 3008748694 [Version] 1048832 [Id] WindowsEditor(7,LAPTOP-DQR5CE9F) [Debug] 1 [PackageName] WindowsEditor [ProjectName] Editor" joined multi-casting on [225.0.0.222:54997]...

Player connection [7536] Host "[IP] 10.181.92.253 [Port] 0 [Flags] 2 [Guid] 3008748694 [EditorId] 3008748694 [Version] 1048832 [Id] WindowsEditor(7,LAPTOP-DQR5CE9F) [Debug] 1 [PackageName] WindowsEditor [ProjectName] Editor" joined alternative multi-casting on [225.0.0.222:34997]...

Refreshing native plugins compatible for Editor in 1.08 ms, found 0 plugins.
Preloading 0 native plugins for Editor in 0.00 ms.
Initialize engine version: 2022.3.4f1 (35713cd46cd7)
[Subsystems] Discovering subsystems at path C:/Program Files/Unity/Hub/Editor/2022.3.4f1/Editor/Data/Resources/UnitySubsystems
[Subsystems] Discovering subsystems at path C:/Users/jakew/OneDrive/Desktop/Repositories/ExtraTerrestaurant/Assets
GfxDevice: creating device client; threaded=0; jobified=0
Direct3D:
    Version:  Direct3D 11.0 [level 11.1]
    Renderer: NVIDIA GeForce RTX 3060 Laptop GPU (ID=0x2560)
    Vendor:   NVIDIA
    VRAM:     5996 MB
    Driver:   31.0.15.5123
Initialize mono
Mono path[0] = 'C:/Program Files/Unity/Hub/Editor/2022.3.4f1/Editor/Data/Managed'
Mono path[1] = 'C:/Program Files/Unity/Hub/Editor/2022.3.4f1/Editor/Data/MonoBleedingEdge/lib/mono/unityjit-win32'
Mono config path = 'C:/Program Files/Unity/Hub/Editor/2022.3.4f1/Editor/Data/MonoBleedingEdge/etc'
Using monoOptions --debugger-agent=transport=dt_socket,embedding=1,server=y,suspend=n,address=127.0.0.1:56260
Begin MonoManager ReloadAssembly
Registering precompiled unity dll's ...
Register platform support module: C:/Program Files/Unity/Hub/Editor/2022.3.4f1/Editor/Data/PlaybackEngines/WebGLSupport/UnityEditor.WebGL.Extensions.dll
Register platform support module: C:/Program Files/Unity/Hub/Editor/2022.3.4f1/Editor/Data/PlaybackEngines/MacStandaloneSupport/UnityEditor.OSXStandalone.Extensions.dll
Register platform support module: C:/Program Files/Unity/Hub/Editor/2022.3.4f1/Editor/Data/PlaybackEngines/AndroidPlayer/UnityEditor.Android.Extensions.dll
Register platform support module: C:/Program Files/Unity/Hub/Editor/2022.3.4f1/Editor/Data/PlaybackEngines/WindowsStandaloneSupport/UnityEditor.WindowsStandalone.Extensions.dll
Registered in 0.008812 seconds.
- Loaded All Assemblies, in  0.287 seconds
Native extension for WindowsStandalone target not found
Native extension for Android target not found
Android Extension - Scanning For ADB Devices 284 ms
Native extension for OSXStandalone target not found
Native extension for WebGL target not found
Mono: successfully reloaded assembly
- Finished resetting the current domain, in  0.565 seconds
Domain Reload Profiling: 852ms
	BeginReloadAssembly (76ms)
		ExecutionOrderSort (0ms)
		DisableScriptedObjects (0ms)
		BackupInstance (0ms)
		ReleaseScriptingObjects (0ms)
		CreateAndSetChildDomain (1ms)
	RebuildCommonClasses (28ms)
	RebuildNativeTypeToScriptingClass (7ms)
	initialDomainReloadingComplete (53ms)
	LoadAllAssembliesAndSetupDomain (122ms)
		LoadAssemblies (75ms)
		RebuildTransferFunctionScriptingTraits (0ms)
		AnalyzeDomain (116ms)
			TypeCache.Refresh (115ms)
				TypeCache.ScanAssembly (106ms)
			ScanForSourceGeneratedMonoScriptInfo (0ms)
			ResolveRequiredComponents (0ms)
	FinalizeReload (566ms)
		ReleaseScriptCaches (0ms)
		RebuildScriptCaches (0ms)
		SetupLoadedEditorAssemblies (519ms)
			LogAssemblyErrors (0ms)
			InitializePlatformSupportModulesInManaged (392ms)
			SetLoadedEditorAssemblies (3ms)
			RefreshPlugins (0ms)
			BeforeProcessingInitializeOnLoad (2ms)
			ProcessInitializeOnLoadAttributes (84ms)
			ProcessInitializeOnLoadMethodAttributes (38ms)
			AfterProcessingInitializeOnLoad (0ms)
			EditorAssembliesLoaded (0ms)
		ExecutionOrderSort2 (0ms)
		AwakeInstancesAfterBackupRestoration (0ms)
========================================================================
Worker process is ready to serve import requests
Begin MonoManager ReloadAssembly
- Loaded All Assemblies, in  0.392 seconds
Refreshing native plugins compatible for Editor in 0.37 ms, found 0 plugins.
Native extension for WindowsStandalone target not found
Native extension for Android target not found
Native extension for OSXStandalone target not found
Native extension for WebGL target not found
Mono: successfully reloaded assembly
- Finished resetting the current domain, in  0.300 seconds
Domain Reload Profiling: 691ms
	BeginReloadAssembly (108ms)
		ExecutionOrderSort (0ms)
		DisableScriptedObjects (4ms)
		BackupInstance (0ms)
		ReleaseScriptingObjects (0ms)
		CreateAndSetChildDomain (19ms)
	RebuildCommonClasses (25ms)
	RebuildNativeTypeToScriptingClass (8ms)
	initialDomainReloadingComplete (32ms)
	LoadAllAssembliesAndSetupDomain (217ms)
		LoadAssemblies (151ms)
		RebuildTransferFunctionScriptingTraits (0ms)
		AnalyzeDomain (119ms)
			TypeCache.Refresh (114ms)
				TypeCache.ScanAssembly (106ms)
			ScanForSourceGeneratedMonoScriptInfo (3ms)
			ResolveRequiredComponents (2ms)
	FinalizeReload (301ms)
		ReleaseScriptCaches (0ms)
		RebuildScriptCaches (0ms)
		SetupLoadedEditorAssemblies (175ms)
			LogAssemblyErrors (0ms)
			InitializePlatformSupportModulesInManaged (22ms)
			SetLoadedEditorAssemblies (2ms)
			RefreshPlugins (0ms)
			BeforeProcessingInitializeOnLoad (32ms)
			ProcessInitializeOnLoadAttributes (98ms)
			ProcessInitializeOnLoadMethodAttributes (16ms)
			AfterProcessingInitializeOnLoad (5ms)
			EditorAssembliesLoaded (0ms)
		ExecutionOrderSort2 (0ms)
		AwakeInstancesAfterBackupRestoration (5ms)
Launched and connected shader compiler UnityShaderCompiler.exe after 0.05 seconds
Refreshing native plugins compatible for Editor in 0.31 ms, found 0 plugins.
Preloading 0 native plugins for Editor in 0.00 ms.
Unloading 712 Unused Serialized files (Serialized files now loaded: 0)
Unloading 9 unused Assets / (50.0 KB). Loaded Objects now: 1189.
Memory consumption went from 70.4 MB to 70.3 MB.
Total: 2.093100 ms (FindLiveObjects: 0.062900 ms CreateObjectMapping: 0.014400 ms MarkObjects: 1.925300 ms  DeleteObjects: 0.089600 ms)

AssetImportParameters requested are different than current active one (requested -> active):
  custom:video-encoder-webm-vp8: eb34c28f22e8b96e1ab97ce403110664 -> 
  custom:video-decoder-webm-vp8: 9c59270c3fd7afecdb556c50c9e8de78 -> 
  custom:audio-decoder-ogg-vorbis: bf7c407c2cedff20999df2af8eb42d56 -> 
  custom:video-decoder-ogg-theora: a1e56fd34408186e4bbccfd4996cb3dc -> 
  custom:audio-encoder-webm-vorbis: bf7c407c2cedff20999df2af8eb42d56 -> 
  custom:container-demuxer-ogg: 62fdf1f143b41e24485cea50d1cbac27 -> 
  custom:AudioImporter_EditorPlatform: d09bf68614088b80899f8185d706f6e7 -> 
  custom:framework-win-MediaFoundation: 216162199b28c13a410421893ffa2e32 -> 
  custom:container-demuxer-webm: 4f35f7cbe854078d1ac9338744f61a02 -> 
  custom:container-muxer-webm: aa71ff27fc2769a1b78a27578f13a17b -> 
========================================================================
Received Import Request.
  Time since last request: 1627777.719140 seconds.
  path: Assets/Scenes/BackgroundScene.unity
  artifactKey: Guid(fe7f3e445c4b4ed42a322eca657efb3b) Importer(815301076,1909f56bfc062723c751e8b465ee728b)
Start importing Assets/Scenes/BackgroundScene.unity using Guid(fe7f3e445c4b4ed42a322eca657efb3b) Importer(815301076,1909f56bfc062723c751e8b465ee728b)  -> (artifact id: 'e9e5e7bd49859b8e9b4ac01769fdb0a8') in 0.002437 seconds
Number of updated asset objects reloaded before import = 0
Number of asset objects unloaded after import = 0
========================================================================
Received Prepare
Refreshing native plugins compatible for Editor in 0.70 ms, found 0 plugins.
Preloading 0 native plugins for Editor in 0.00 ms.
Unloading 0 Unused Serialized files (Serialized files now loaded: 0)
Unloading 1 unused Assets / (0.8 KB). Loaded Objects now: 1189.
Memory consumption went from 54.8 MB to 54.8 MB.
Total: 2.223100 ms (FindLiveObjects: 0.163300 ms CreateObjectMapping: 0.014900 ms MarkObjects: 2.017800 ms  DeleteObjects: 0.025800 ms)

Prepare: number of updated asset objects reloaded= 0
AssetImportParameters requested are different than current active one (requested -> active):
  custom:video-encoder-webm-vp8: eb34c28f22e8b96e1ab97ce403110664 -> 
  custom:video-decoder-webm-vp8: 9c59270c3fd7afecdb556c50c9e8de78 -> 
  custom:audio-decoder-ogg-vorbis: bf7c407c2cedff20999df2af8eb42d56 -> 
  custom:video-decoder-ogg-theora: a1e56fd34408186e4bbccfd4996cb3dc -> 
  custom:audio-encoder-webm-vorbis: bf7c407c2cedff20999df2af8eb42d56 -> 
  custom:container-demuxer-ogg: 62fdf1f143b41e24485cea50d1cbac27 -> 
  custom:AudioImporter_EditorPlatform: d09bf68614088b80899f8185d706f6e7 -> 
  custom:CustomObjectIndexerAttribute: 756ad292c208cfabdd7b50bc23989ffe -> 
  custom:framework-win-MediaFoundation: 216162199b28c13a410421893ffa2e32 -> 
  custom:container-demuxer-webm: 4f35f7cbe854078d1ac9338744f61a02 -> 
  custom:container-muxer-webm: aa71ff27fc2769a1b78a27578f13a17b -> 
========================================================================
Received Import Request.
  Time since last request: 34.860986 seconds.
  path: Assets/Prefabs/StickyNote.prefab
  artifactKey: Guid(dd7fbcfdb0570cd418f54d37070aee23) Importer(815301076,1909f56bfc062723c751e8b465ee728b)
Start importing Assets/Prefabs/StickyNote.prefab using Guid(dd7fbcfdb0570cd418f54d37070aee23) Importer(815301076,1909f56bfc062723c751e8b465ee728b)  -> (artifact id: '01042c993715591887e97a80415557ec') in 0.110380 seconds
Number of updated asset objects reloaded before import = 0
Number of asset objects unloaded after import = 26
========================================================================
Received Import Request.
  Time since last request: 4.573298 seconds.
  path: Assets/Images/TestAlien.png
  artifactKey: Guid(23538b472cec7e54d9f0f315fc86269e) Importer(815301076,1909f56bfc062723c751e8b465ee728b)
Start importing Assets/Images/TestAlien.png using Guid(23538b472cec7e54d9f0f315fc86269e) Importer(815301076,1909f56bfc062723c751e8b465ee728b)  -> (artifact id: '66ef85927635b1390ccaecd6fab3c9ee') in 0.031512 seconds
Number of updated asset objects reloaded before import = 0
Number of asset objects unloaded after import = 3
========================================================================
Received Import Request.
  Time since last request: 0.000072 seconds.
  path: Assets/Images/TestKitchen.png
  artifactKey: Guid(f07b6009f44d4cb4db5cc4856803808b) Importer(815301076,1909f56bfc062723c751e8b465ee728b)
Start importing Assets/Images/TestKitchen.png using Guid(f07b6009f44d4cb4db5cc4856803808b) Importer(815301076,1909f56bfc062723c751e8b465ee728b)  -> (artifact id: 'e49904ce774b6d7978477d7a72cc708e') in 0.040085 seconds
Number of updated asset objects reloaded before import = 0
Number of asset objects unloaded after import = 3
========================================================================
Received Import Request.
  Time since last request: 4.492739 seconds.
  path: Assets/Images/Pickup_assets/pickup_plate_pickup.PNG
  artifactKey: Guid(8e1f6251b5b25014eb8d9e1fd420462d) Importer(815301076,1909f56bfc062723c751e8b465ee728b)
Start importing Assets/Images/Pickup_assets/pickup_plate_pickup.PNG using Guid(8e1f6251b5b25014eb8d9e1fd420462d) Importer(815301076,1909f56bfc062723c751e8b465ee728b)  -> (artifact id: '38f21da7a51b94f7140046ba6043d39d') in 0.033275 seconds
Number of updated asset objects reloaded before import = 0
Number of asset objects unloaded after import = 3
========================================================================
Received Import Request.
  Time since last request: 7.625353 seconds.
  path: Assets/Images/kitchen_assets/Kitchen-2.png
  artifactKey: Guid(507a1d0ffd5e0d34198fe5fb6f3cf3ba) Importer(815301076,1909f56bfc062723c751e8b465ee728b)
Start importing Assets/Images/kitchen_assets/Kitchen-2.png using Guid(507a1d0ffd5e0d34198fe5fb6f3cf3ba) Importer(815301076,1909f56bfc062723c751e8b465ee728b)  -> (artifact id: '355e3253bd3c47a08ce2407e7859b911') in 0.017263 seconds
Number of updated asset objects reloaded before import = 0
Number of asset objects unloaded after import = 3
========================================================================
Received Import Request.
  Time since last request: 0.004201 seconds.
  path: Assets/Images/kitchen_assets/Kitchen-8.png
  artifactKey: Guid(90c8b59b464845a49837972d7e5ad1de) Importer(815301076,1909f56bfc062723c751e8b465ee728b)
Start importing Assets/Images/kitchen_assets/Kitchen-8.png using Guid(90c8b59b464845a49837972d7e5ad1de) Importer(815301076,1909f56bfc062723c751e8b465ee728b)  -> (artifact id: '970f40b576d41c3ddf7c6ce1f92c1185') in 0.018227 seconds
Number of updated asset objects reloaded before import = 0
Number of asset objects unloaded after import = 3
========================================================================
Received Import Request.
  Time since last request: 0.000021 seconds.
  path: Assets/Images/kitchen_assets/Kitchen-11.png
  artifactKey: Guid(7f40629f80683324a900182e282cacb4) Importer(815301076,1909f56bfc062723c751e8b465ee728b)
Start importing Assets/Images/kitchen_assets/Kitchen-11.png using Guid(7f40629f80683324a900182e282cacb4) Importer(815301076,1909f56bfc062723c751e8b465ee728b)  -> (artifact id: '15d00470399fee90192e34d48d399d6d') in 0.024162 seconds
Number of updated asset objects reloaded before import = 0
Number of asset objects unloaded after import = 3
========================================================================
Received Import Request.
  Time since last request: 0.000057 seconds.
  path: Assets/Images/kitchen_assets/Kitchen-10.png
  artifactKey: Guid(d8d2c4374412a2a41a9a90127fa676cd) Importer(815301076,1909f56bfc062723c751e8b465ee728b)
Start importing Assets/Images/kitchen_assets/Kitchen-10.png using Guid(d8d2c4374412a2a41a9a90127fa676cd) Importer(815301076,1909f56bfc062723c751e8b465ee728b)  -> (artifact id: 'f9c2a1de2f8c6f7be5a029c55bc5d264') in 0.026046 seconds
Number of updated asset objects reloaded before import = 0
Number of asset objects unloaded after import = 3
========================================================================
Received Import Request.
  Time since last request: 0.000055 seconds.
  path: Assets/Images/kitchen_assets/Kitchen-14.png
  artifactKey: Guid(40d4e69d26193944cac1be7a5579d57e) Importer(815301076,1909f56bfc062723c751e8b465ee728b)
Start importing Assets/Images/kitchen_assets/Kitchen-14.png using Guid(40d4e69d26193944cac1be7a5579d57e) Importer(815301076,1909f56bfc062723c751e8b465ee728b)  -> (artifact id: '3f8cf8f878c0a5298230c0a1836b851c') in 0.016802 seconds
Number of updated asset objects reloaded before import = 0
Number of asset objects unloaded after import = 3
========================================================================
Received Import Request.
  Time since last request: 0.000014 seconds.
  path: Assets/Images/kitchen_assets/Kitchen-21.png
  artifactKey: Guid(304655720adcc8545b2eda3e54bf41fc) Importer(815301076,1909f56bfc062723c751e8b465ee728b)
Start importing Assets/Images/kitchen_assets/Kitchen-21.png using Guid(304655720adcc8545b2eda3e54bf41fc) Importer(815301076,1909f56bfc062723c751e8b465ee728b)  -> (artifact id: '8ee6ceebdc0e4515a18082adf5356be6') in 0.017595 seconds
Number of updated asset objects reloaded before import = 0
Number of asset objects unloaded after import = 3
========================================================================
Received Import Request.
  Time since last request: 0.000022 seconds.
  path: Assets/Images/kitchen_assets/Kitchen-31.png
  artifactKey: Guid(e68279591b807064cba2b4710f13696d) Importer(815301076,1909f56bfc062723c751e8b465ee728b)
Start importing Assets/Images/kitchen_assets/Kitchen-31.png using Guid(e68279591b807064cba2b4710f13696d) Importer(815301076,1909f56bfc062723c751e8b465ee728b)  -> (artifact id: '7cf3fda13e89051c6d1f32021838ba67') in 0.020635 seconds
Number of updated asset objects reloaded before import = 0
Number of asset objects unloaded after import = 3
========================================================================
Received Import Request.
  Time since last request: 0.000019 seconds.
  path: Assets/Images/kitchen_assets/Kitchen-24.png
  artifactKey: Guid(f0c494ad0aa934b41a08356a48792372) Importer(815301076,1909f56bfc062723c751e8b465ee728b)
Start importing Assets/Images/kitchen_assets/Kitchen-24.png using Guid(f0c494ad0aa934b41a08356a48792372) Importer(815301076,1909f56bfc062723c751e8b465ee728b)  -> (artifact id: '349dcae849a4307ba243dec95e05bfce') in 0.020775 seconds
Number of updated asset objects reloaded before import = 0
Number of asset objects unloaded after import = 3
========================================================================
Received Import Request.
  Time since last request: 0.000071 seconds.
  path: Assets/Images/kitchen_assets/Kitchen-23.png
  artifactKey: Guid(78aa20c1306ebc54b847ba9aa7be0c0b) Importer(815301076,1909f56bfc062723c751e8b465ee728b)
Start importing Assets/Images/kitchen_assets/Kitchen-23.png using Guid(78aa20c1306ebc54b847ba9aa7be0c0b) Importer(815301076,1909f56bfc062723c751e8b465ee728b)  -> (artifact id: '94cfda0484feaf2778b45b29918b471a') in 0.018186 seconds
Number of updated asset objects reloaded before import = 0
Number of asset objects unloaded after import = 3
========================================================================
Received Import Request.
  Time since last request: 0.000017 seconds.
  path: Assets/Images/kitchen_assets/Kitchen-20.png
  artifactKey: Guid(f692a3398bf035141bc7023d56e2dc13) Importer(815301076,1909f56bfc062723c751e8b465ee728b)
Start importing Assets/Images/kitchen_assets/Kitchen-20.png using Guid(f692a3398bf035141bc7023d56e2dc13) Importer(815301076,1909f56bfc062723c751e8b465ee728b)  -> (artifact id: 'a5ccc599abdc5589c8937469b86598f9') in 0.015351 seconds
Number of updated asset objects reloaded before import = 0
Number of asset objects unloaded after import = 3
========================================================================
Received Import Request.
  Time since last request: 0.000071 seconds.
  path: Assets/Images/kitchen_assets/Kitchen-25.png
  artifactKey: Guid(4a8363e10aa799646852a2cbc7e0f223) Importer(815301076,1909f56bfc062723c751e8b465ee728b)
Start importing Assets/Images/kitchen_assets/Kitchen-25.png using Guid(4a8363e10aa799646852a2cbc7e0f223) Importer(815301076,1909f56bfc062723c751e8b465ee728b)  -> (artifact id: '90f668a1e3b830af4fd552d905d84b60') in 0.016047 seconds
Number of updated asset objects reloaded before import = 0
Number of asset objects unloaded after import = 3
========================================================================
Received Import Request.
  Time since last request: 0.000056 seconds.
  path: Assets/Images/kitchen_assets/Kitchen-30.png
  artifactKey: Guid(04a1b44e0b4744e4fbd22b49ba50255d) Importer(815301076,1909f56bfc062723c751e8b465ee728b)
Start importing Assets/Images/kitchen_assets/Kitchen-30.png using Guid(04a1b44e0b4744e4fbd22b49ba50255d) Importer(815301076,1909f56bfc062723c751e8b465ee728b)  -> (artifact id: '4d21ebf2bad701646dcd9808eee1df13') in 0.019319 seconds
Number of updated asset objects reloaded before import = 0
Number of asset objects unloaded after import = 3
========================================================================
Received Import Request.
  Time since last request: 0.000050 seconds.
  path: Assets/Images/kitchen_assets/Kitchen-12.png
  artifactKey: Guid(80a033ec88b04ee43bfdd321bf42940e) Importer(815301076,1909f56bfc062723c751e8b465ee728b)
Start importing Assets/Images/kitchen_assets/Kitchen-12.png using Guid(80a033ec88b04ee43bfdd321bf42940e) Importer(815301076,1909f56bfc062723c751e8b465ee728b)  -> (artifact id: '0b10cb1a12104d555078a9ed808be1ea') in 0.018201 seconds
Number of updated asset objects reloaded before import = 0
Number of asset objects unloaded after import = 3
========================================================================
Received Import Request.
  Time since last request: 0.000073 seconds.
  path: Assets/Images/kitchen_assets/Kitchen-4.png
  artifactKey: Guid(5a310fb29af7b344faa312a0f2005ea2) Importer(815301076,1909f56bfc062723c751e8b465ee728b)
Start importing Assets/Images/kitchen_assets/Kitchen-4.png using Guid(5a310fb29af7b344faa312a0f2005ea2) Importer(815301076,1909f56bfc062723c751e8b465ee728b)  -> (artifact id: 'c79fb25d9adc6d6209bd0f44c76aea16') in 0.016510 seconds
Number of updated asset objects reloaded before import = 0
Number of asset objects unloaded after import = 3
========================================================================
Received Import Request.
  Time since last request: 0.000086 seconds.
  path: Assets/Images/kitchen_assets/Kitchen-6.png
  artifactKey: Guid(d2a7b8e6f19efc64f9b28999afd317b7) Importer(815301076,1909f56bfc062723c751e8b465ee728b)
Start importing Assets/Images/kitchen_assets/Kitchen-6.png using Guid(d2a7b8e6f19efc64f9b28999afd317b7) Importer(815301076,1909f56bfc062723c751e8b465ee728b)  -> (artifact id: '19e10a784045e6764fabc44cdcc8c659') in 0.016424 seconds
Number of updated asset objects reloaded before import = 0
Number of asset objects unloaded after import = 3
========================================================================
Received Import Request.
  Time since last request: 0.000062 seconds.
  path: Assets/Images/kitchen_assets/Kitchen-5.png
  artifactKey: Guid(876146818e70a3348804f4e13453ce6c) Importer(815301076,1909f56bfc062723c751e8b465ee728b)
Start importing Assets/Images/kitchen_assets/Kitchen-5.png using Guid(876146818e70a3348804f4e13453ce6c) Importer(815301076,1909f56bfc062723c751e8b465ee728b)  -> (artifact id: '39aab1df5cfcc1674835592da402b020') in 0.015975 seconds
Number of updated asset objects reloaded before import = 0
Number of asset objects unloaded after import = 3
Editor requested this worker to shutdown with reason: Scaling down because of idle timeout
TcpMessagingSession - receive error: operation aborted. errorcode: 995, details: The I/O operation has been aborted because of either a thread exit or an application request.
AssetImportWorker is now disconnected from the server
Process exiting
Exiting without the bug reporter. Application will terminate with return code 0