Using pre-set license
Built from '2022.3/staging' branch; Version is '2022.3.4f1 (35713cd46cd7) revision 3502396'; Using compiler version '192829333'; Build Type 'Release'
OS: 'Windows 11  (10.0.22631) 64bit Core' Language: 'en' Physical Memory: 16103 MB
BatchMode: 1, IsHumanControllingUs: 0, StartBugReporterOnCrash: 0, Is64bit: 1, IsPro: 1

COMMAND LINE ARGUMENTS:
C:\Program Files\Unity\Hub\Editor\Unity 2022.3.4f1\Editor\Unity.exe
-adb2
-batchMode
-noUpm
-name
AssetImportWorker1
-projectPath
C:/school/extra terrestaurant/ExtraTerrestaurant
-logFile
Logs/AssetImportWorker1.log
-srvPort
56716
Successfully changed project path to: C:/school/extra terrestaurant/ExtraTerrestaurant
C:/school/extra terrestaurant/ExtraTerrestaurant
[UnityMemory] Configuration Parameters - Can be set up in boot.config
    "memorysetup-bucket-allocator-granularity=16"
    "memorysetup-bucket-allocator-bucket-count=8"
    "memorysetup-bucket-allocator-block-size=33554432"
    "memorysetup-bucket-allocator-block-count=8"
    "memorysetup-main-allocator-block-size=16777216"
    "memorysetup-thread-allocator-block-size=16777216"
    "memorysetup-gfx-main-allocator-block-size=16777216"
    "memorysetup-gfx-thread-allocator-block-size=16777216"
    "memorysetup-cache-allocator-block-size=4194304"
    "memorysetup-typetree-allocator-block-size=2097152"
    "memorysetup-profiler-bucket-allocator-granularity=16"
    "memorysetup-profiler-bucket-allocator-bucket-count=8"
    "memorysetup-profiler-bucket-allocator-block-size=33554432"
    "memorysetup-profiler-bucket-allocator-block-count=8"
    "memorysetup-profiler-allocator-block-size=16777216"
    "memorysetup-profiler-editor-allocator-block-size=1048576"
    "memorysetup-temp-allocator-size-main=16777216"
    "memorysetup-job-temp-allocator-block-size=2097152"
    "memorysetup-job-temp-allocator-block-size-background=1048576"
    "memorysetup-job-temp-allocator-reduction-small-platforms=262144"
    "memorysetup-allocator-temp-initial-block-size-main=262144"
    "memorysetup-allocator-temp-initial-block-size-worker=262144"
    "memorysetup-temp-allocator-size-background-worker=32768"
    "memorysetup-temp-allocator-size-job-worker=262144"
    "memorysetup-temp-allocator-size-preload-manager=33554432"
    "memorysetup-temp-allocator-size-nav-mesh-worker=65536"
    "memorysetup-temp-allocator-size-audio-worker=65536"
    "memorysetup-temp-allocator-size-cloud-worker=32768"
    "memorysetup-temp-allocator-size-gi-baking-worker=262144"
    "memorysetup-temp-allocator-size-gfx=262144"
Player connection [2172] Host "[IP] 192.168.1.8 [Port] 0 [Flags] 2 [Guid] 2679435486 [EditorId] 2679435486 [Version] 1048832 [Id] WindowsEditor(7,machine) [Debug] 1 [PackageName] WindowsEditor [ProjectName] Editor" joined multi-casting on [225.0.0.222:54997]...

Player connection [2172] Host "[IP] 192.168.1.8 [Port] 0 [Flags] 2 [Guid] 2679435486 [EditorId] 2679435486 [Version] 1048832 [Id] WindowsEditor(7,machine) [Debug] 1 [PackageName] WindowsEditor [ProjectName] Editor" joined alternative multi-casting on [225.0.0.222:34997]...

Refreshing native plugins compatible for Editor in 1.49 ms, found 0 plugins.
Preloading 0 native plugins for Editor in 0.00 ms.
Initialize engine version: 2022.3.4f1 (35713cd46cd7)
[Subsystems] Discovering subsystems at path C:/Program Files/Unity/Hub/Editor/Unity 2022.3.4f1/Editor/Data/Resources/UnitySubsystems
[Subsystems] Discovering subsystems at path C:/school/extra terrestaurant/ExtraTerrestaurant/Assets
GfxDevice: creating device client; threaded=0; jobified=0
Direct3D:
    Version:  Direct3D 11.0 [level 11.1]
    Renderer: NVIDIA GeForce RTX 3050 Ti Laptop GPU (ID=0x25a0)
    Vendor:   NVIDIA
    VRAM:     3965 MB
    Driver:   32.0.15.5612
Initialize mono
Mono path[0] = 'C:/Program Files/Unity/Hub/Editor/Unity 2022.3.4f1/Editor/Data/Managed'
Mono path[1] = 'C:/Program Files/Unity/Hub/Editor/Unity 2022.3.4f1/Editor/Data/MonoBleedingEdge/lib/mono/unityjit-win32'
Mono config path = 'C:/Program Files/Unity/Hub/Editor/Unity 2022.3.4f1/Editor/Data/MonoBleedingEdge/etc'
Using monoOptions --debugger-agent=transport=dt_socket,embedding=1,server=y,suspend=n,address=127.0.0.1:56744
Begin MonoManager ReloadAssembly
Registering precompiled unity dll's ...
Register platform support module: C:/Program Files/Unity/Hub/Editor/Unity 2022.3.4f1/Editor/Data/PlaybackEngines/WindowsStandaloneSupport/UnityEditor.WindowsStandalone.Extensions.dll
Registered in 0.009012 seconds.
- Loaded All Assemblies, in  0.518 seconds
Native extension for WindowsStandalone target not found
Mono: successfully reloaded assembly
- Finished resetting the current domain, in  0.416 seconds
Domain Reload Profiling: 933ms
	BeginReloadAssembly (135ms)
		ExecutionOrderSort (0ms)
		DisableScriptedObjects (0ms)
		BackupInstance (0ms)
		ReleaseScriptingObjects (0ms)
		CreateAndSetChildDomain (1ms)
	RebuildCommonClasses (55ms)
	RebuildNativeTypeToScriptingClass (16ms)
	initialDomainReloadingComplete (86ms)
	LoadAllAssembliesAndSetupDomain (223ms)
		LoadAssemblies (129ms)
		RebuildTransferFunctionScriptingTraits (0ms)
		AnalyzeDomain (216ms)
			TypeCache.Refresh (214ms)
				TypeCache.ScanAssembly (195ms)
			ScanForSourceGeneratedMonoScriptInfo (1ms)
			ResolveRequiredComponents (1ms)
	FinalizeReload (417ms)
		ReleaseScriptCaches (0ms)
		RebuildScriptCaches (0ms)
		SetupLoadedEditorAssemblies (328ms)
			LogAssemblyErrors (0ms)
			InitializePlatformSupportModulesInManaged (14ms)
			SetLoadedEditorAssemblies (13ms)
			RefreshPlugins (0ms)
			BeforeProcessingInitializeOnLoad (4ms)
			ProcessInitializeOnLoadAttributes (214ms)
			ProcessInitializeOnLoadMethodAttributes (83ms)
			AfterProcessingInitializeOnLoad (0ms)
			EditorAssembliesLoaded (0ms)
		ExecutionOrderSort2 (0ms)
		AwakeInstancesAfterBackupRestoration (0ms)
========================================================================
Worker process is ready to serve import requests
Begin MonoManager ReloadAssembly
- Loaded All Assemblies, in  0.702 seconds
Refreshing native plugins compatible for Editor in 0.73 ms, found 0 plugins.
Native extension for WindowsStandalone target not found
Mono: successfully reloaded assembly
- Finished resetting the current domain, in  0.516 seconds
Domain Reload Profiling: 1216ms
	BeginReloadAssembly (191ms)
		ExecutionOrderSort (0ms)
		DisableScriptedObjects (8ms)
		BackupInstance (0ms)
		ReleaseScriptingObjects (0ms)
		CreateAndSetChildDomain (36ms)
	RebuildCommonClasses (53ms)
	RebuildNativeTypeToScriptingClass (16ms)
	initialDomainReloadingComplete (59ms)
	LoadAllAssembliesAndSetupDomain (380ms)
		LoadAssemblies (240ms)
		RebuildTransferFunctionScriptingTraits (0ms)
		AnalyzeDomain (229ms)
			TypeCache.Refresh (220ms)
				TypeCache.ScanAssembly (207ms)
			ScanForSourceGeneratedMonoScriptInfo (5ms)
			ResolveRequiredComponents (3ms)
	FinalizeReload (517ms)
		ReleaseScriptCaches (0ms)
		RebuildScriptCaches (0ms)
		SetupLoadedEditorAssemblies (311ms)
			LogAssemblyErrors (0ms)
			InitializePlatformSupportModulesInManaged (8ms)
			SetLoadedEditorAssemblies (6ms)
			RefreshPlugins (0ms)
			BeforeProcessingInitializeOnLoad (57ms)
			ProcessInitializeOnLoadAttributes (190ms)
			ProcessInitializeOnLoadMethodAttributes (40ms)
			AfterProcessingInitializeOnLoad (10ms)
			EditorAssembliesLoaded (0ms)
		ExecutionOrderSort2 (0ms)
		AwakeInstancesAfterBackupRestoration (10ms)
Launched and connected shader compiler UnityShaderCompiler.exe after 0.06 seconds
Refreshing native plugins compatible for Editor in 0.93 ms, found 0 plugins.
Preloading 0 native plugins for Editor in 0.00 ms.
Unloading 707 Unused Serialized files (Serialized files now loaded: 0)
Unloading 9 unused Assets / (49.5 KB). Loaded Objects now: 1182.
Memory consumption went from 64.9 MB to 64.9 MB.
Total: 3.637100 ms (FindLiveObjects: 0.122100 ms CreateObjectMapping: 0.025300 ms MarkObjects: 3.385800 ms  DeleteObjects: 0.102300 ms)

AssetImportParameters requested are different than current active one (requested -> active):
  custom:video-encoder-webm-vp8: eb34c28f22e8b96e1ab97ce403110664 -> 
  custom:video-decoder-webm-vp8: 9c59270c3fd7afecdb556c50c9e8de78 -> 
  custom:audio-decoder-ogg-vorbis: bf7c407c2cedff20999df2af8eb42d56 -> 
  custom:video-decoder-ogg-theora: a1e56fd34408186e4bbccfd4996cb3dc -> 
  custom:audio-encoder-webm-vorbis: bf7c407c2cedff20999df2af8eb42d56 -> 
  custom:container-demuxer-ogg: 62fdf1f143b41e24485cea50d1cbac27 -> 
  custom:AudioImporter_EditorPlatform: d09bf68614088b80899f8185d706f6e7 -> 
  custom:framework-win-MediaFoundation: 216162199b28c13a410421893ffa2e32 -> 
  custom:container-demuxer-webm: 4f35f7cbe854078d1ac9338744f61a02 -> 
  custom:container-muxer-webm: aa71ff27fc2769a1b78a27578f13a17b -> 
  custom:video-codec-MediaFoundation-h265: 746d11721c4dcdbdad8f713fa42b33f4 -> 
========================================================================
Received Import Request.
  Time since last request: 718216.414135 seconds.
  path: Assets/terrestaurant.ttf
  artifactKey: Guid(cb220e5814022a94fbefe1bb483a3e26) Importer(815301076,1909f56bfc062723c751e8b465ee728b)
Start importing Assets/terrestaurant.ttf using Guid(cb220e5814022a94fbefe1bb483a3e26) Importer(815301076,1909f56bfc062723c751e8b465ee728b)  -> (artifact id: 'eedc7eead0221d851d5ae6f848ede104') in 0.168393 seconds
Number of updated asset objects reloaded before import = 0
Number of asset objects unloaded after import = 4
========================================================================
Received Prepare
Refreshing native plugins compatible for Editor in 0.55 ms, found 0 plugins.
Preloading 0 native plugins for Editor in 0.00 ms.
Unloading 0 Unused Serialized files (Serialized files now loaded: 0)
Unloading 1 unused Assets / (0.8 KB). Loaded Objects now: 1228.
Memory consumption went from 54.9 MB to 54.9 MB.
Total: 3.534300 ms (FindLiveObjects: 0.140600 ms CreateObjectMapping: 0.039400 ms MarkObjects: 3.331600 ms  DeleteObjects: 0.021500 ms)

Prepare: number of updated asset objects reloaded= 0
AssetImportParameters requested are different than current active one (requested -> active):
  custom:video-encoder-webm-vp8: eb34c28f22e8b96e1ab97ce403110664 -> 
  custom:video-decoder-webm-vp8: 9c59270c3fd7afecdb556c50c9e8de78 -> 
  custom:audio-decoder-ogg-vorbis: bf7c407c2cedff20999df2af8eb42d56 -> 
  custom:video-decoder-ogg-theora: a1e56fd34408186e4bbccfd4996cb3dc -> 
  custom:audio-encoder-webm-vorbis: bf7c407c2cedff20999df2af8eb42d56 -> 
  custom:container-demuxer-ogg: 62fdf1f143b41e24485cea50d1cbac27 -> 
  custom:AudioImporter_EditorPlatform: d09bf68614088b80899f8185d706f6e7 -> 
  custom:CustomObjectIndexerAttribute: 756ad292c208cfabdd7b50bc23989ffe -> 
  custom:framework-win-MediaFoundation: 216162199b28c13a410421893ffa2e32 -> 
  custom:container-demuxer-webm: 4f35f7cbe854078d1ac9338744f61a02 -> 
  custom:container-muxer-webm: aa71ff27fc2769a1b78a27578f13a17b -> 
  custom:video-codec-MediaFoundation-h265: 746d11721c4dcdbdad8f713fa42b33f4 -> 
========================================================================
Received Import Request.
  Time since last request: 66.408616 seconds.
  path: Assets/Images/kitchen_assets/Kitchen-2.png
  artifactKey: Guid(507a1d0ffd5e0d34198fe5fb6f3cf3ba) Importer(815301076,1909f56bfc062723c751e8b465ee728b)
Start importing Assets/Images/kitchen_assets/Kitchen-2.png using Guid(507a1d0ffd5e0d34198fe5fb6f3cf3ba) Importer(815301076,1909f56bfc062723c751e8b465ee728b)  -> (artifact id: '942ca8c8c76155a790a7bff1fa8cbdaa') in 0.040266 seconds
Number of updated asset objects reloaded before import = 0
Number of asset objects unloaded after import = 3
========================================================================
Received Import Request.
  Time since last request: 0.003129 seconds.
  path: Assets/Images/kitchen_assets/Kitchen-3.png
  artifactKey: Guid(29c2a8b55191cf44da4b9a7bb2dc8cc6) Importer(815301076,1909f56bfc062723c751e8b465ee728b)
Start importing Assets/Images/kitchen_assets/Kitchen-3.png using Guid(29c2a8b55191cf44da4b9a7bb2dc8cc6) Importer(815301076,1909f56bfc062723c751e8b465ee728b)  -> (artifact id: '14290caf719afd054c4a8dc64e8e3e3f') in 0.025152 seconds
Number of updated asset objects reloaded before import = 0
Number of asset objects unloaded after import = 3
========================================================================
Received Import Request.
  Time since last request: 0.000022 seconds.
  path: Assets/Images/kitchen_assets/Kitchen-10.png
  artifactKey: Guid(d8d2c4374412a2a41a9a90127fa676cd) Importer(815301076,1909f56bfc062723c751e8b465ee728b)
Start importing Assets/Images/kitchen_assets/Kitchen-10.png using Guid(d8d2c4374412a2a41a9a90127fa676cd) Importer(815301076,1909f56bfc062723c751e8b465ee728b)  -> (artifact id: 'f9c2a1de2f8c6f7be5a029c55bc5d264') in 0.032136 seconds
Number of updated asset objects reloaded before import = 0
Number of asset objects unloaded after import = 3
========================================================================
Received Import Request.
  Time since last request: 0.000030 seconds.
  path: Assets/Images/kitchen_assets/Kitchen-32.png
  artifactKey: Guid(ed516d7461f9f304490a0d1b9863eb99) Importer(815301076,1909f56bfc062723c751e8b465ee728b)
Start importing Assets/Images/kitchen_assets/Kitchen-32.png using Guid(ed516d7461f9f304490a0d1b9863eb99) Importer(815301076,1909f56bfc062723c751e8b465ee728b)  -> (artifact id: '86f15ef047a46d35967cb8c6c73a0150') in 0.027699 seconds
Number of updated asset objects reloaded before import = 0
Number of asset objects unloaded after import = 3
========================================================================
Received Import Request.
  Time since last request: 0.000024 seconds.
  path: Assets/Images/kitchen_assets/Kitchen-29.png
  artifactKey: Guid(34aaae7f274ee4f4d9f8903d9154b96a) Importer(815301076,1909f56bfc062723c751e8b465ee728b)
Start importing Assets/Images/kitchen_assets/Kitchen-29.png using Guid(34aaae7f274ee4f4d9f8903d9154b96a) Importer(815301076,1909f56bfc062723c751e8b465ee728b)  -> (artifact id: '10bcb68846bec15e1899cb07ea7ba8f6') in 0.024720 seconds
Number of updated asset objects reloaded before import = 0
Number of asset objects unloaded after import = 3
========================================================================
Received Import Request.
  Time since last request: 0.000029 seconds.
  path: Assets/Images/kitchen_assets/Kitchen-26.png
  artifactKey: Guid(0c6bf6e4d00f64a42a1d73e046d9909d) Importer(815301076,1909f56bfc062723c751e8b465ee728b)
Start importing Assets/Images/kitchen_assets/Kitchen-26.png using Guid(0c6bf6e4d00f64a42a1d73e046d9909d) Importer(815301076,1909f56bfc062723c751e8b465ee728b)  -> (artifact id: 'f67de7405247978e032aab392cec7969') in 0.028896 seconds
Number of updated asset objects reloaded before import = 0
Number of asset objects unloaded after import = 3
========================================================================
Received Import Request.
  Time since last request: 0.000039 seconds.
  path: Assets/Images/kitchen_assets/Kitchen-15.png
  artifactKey: Guid(3d9d3696aea36d2449a31d99c8e0826c) Importer(815301076,1909f56bfc062723c751e8b465ee728b)
Start importing Assets/Images/kitchen_assets/Kitchen-15.png using Guid(3d9d3696aea36d2449a31d99c8e0826c) Importer(815301076,1909f56bfc062723c751e8b465ee728b)  -> (artifact id: '5464894298fff3dc60e2875fcf082655') in 0.035417 seconds
Number of updated asset objects reloaded before import = 0
Number of asset objects unloaded after import = 3
========================================================================
Received Import Request.
  Time since last request: 0.000132 seconds.
  path: Assets/Images/kitchen_assets/Kitchen-27.png
  artifactKey: Guid(4dbffa21daebd2446a01a5704b1e5b58) Importer(815301076,1909f56bfc062723c751e8b465ee728b)
Start importing Assets/Images/kitchen_assets/Kitchen-27.png using Guid(4dbffa21daebd2446a01a5704b1e5b58) Importer(815301076,1909f56bfc062723c751e8b465ee728b)  -> (artifact id: 'a1b4eeefaeed1b65c037b4f9e4836e14') in 0.029823 seconds
Number of updated asset objects reloaded before import = 0
Number of asset objects unloaded after import = 3
========================================================================
Received Import Request.
  Time since last request: 0.000019 seconds.
  path: Assets/Images/kitchen_assets/Kitchen-23.png
  artifactKey: Guid(78aa20c1306ebc54b847ba9aa7be0c0b) Importer(815301076,1909f56bfc062723c751e8b465ee728b)
Start importing Assets/Images/kitchen_assets/Kitchen-23.png using Guid(78aa20c1306ebc54b847ba9aa7be0c0b) Importer(815301076,1909f56bfc062723c751e8b465ee728b)  -> (artifact id: '94cfda0484feaf2778b45b29918b471a') in 0.029420 seconds
Number of updated asset objects reloaded before import = 0
Number of asset objects unloaded after import = 3
========================================================================
Received Import Request.
  Time since last request: 0.000019 seconds.
  path: Assets/Images/kitchen_assets/Kitchen-20.png
  artifactKey: Guid(f692a3398bf035141bc7023d56e2dc13) Importer(815301076,1909f56bfc062723c751e8b465ee728b)
Start importing Assets/Images/kitchen_assets/Kitchen-20.png using Guid(f692a3398bf035141bc7023d56e2dc13) Importer(815301076,1909f56bfc062723c751e8b465ee728b)  -> (artifact id: 'a5ccc599abdc5589c8937469b86598f9') in 0.025431 seconds
Number of updated asset objects reloaded before import = 0
Number of asset objects unloaded after import = 3
========================================================================
Received Import Request.
  Time since last request: 0.000021 seconds.
  path: Assets/Images/kitchen_assets/Kitchen-25.png
  artifactKey: Guid(4a8363e10aa799646852a2cbc7e0f223) Importer(815301076,1909f56bfc062723c751e8b465ee728b)
Start importing Assets/Images/kitchen_assets/Kitchen-25.png using Guid(4a8363e10aa799646852a2cbc7e0f223) Importer(815301076,1909f56bfc062723c751e8b465ee728b)  -> (artifact id: '90f668a1e3b830af4fd552d905d84b60') in 0.025872 seconds
Number of updated asset objects reloaded before import = 0
Number of asset objects unloaded after import = 3
========================================================================
Received Import Request.
  Time since last request: 0.000028 seconds.
  path: Assets/Images/kitchen_assets/Kitchen-16.png
  artifactKey: Guid(f62ae4160251f924ea20e1a080cef184) Importer(815301076,1909f56bfc062723c751e8b465ee728b)
Start importing Assets/Images/kitchen_assets/Kitchen-16.png using Guid(f62ae4160251f924ea20e1a080cef184) Importer(815301076,1909f56bfc062723c751e8b465ee728b)  -> (artifact id: '4aa65050a508d176f557e2830df04283') in 0.025716 seconds
Number of updated asset objects reloaded before import = 0
Number of asset objects unloaded after import = 3
========================================================================
Received Import Request.
  Time since last request: 0.000024 seconds.
  path: Assets/Images/kitchen_assets/Kitchen-12.png
  artifactKey: Guid(80a033ec88b04ee43bfdd321bf42940e) Importer(815301076,1909f56bfc062723c751e8b465ee728b)
Start importing Assets/Images/kitchen_assets/Kitchen-12.png using Guid(80a033ec88b04ee43bfdd321bf42940e) Importer(815301076,1909f56bfc062723c751e8b465ee728b)  -> (artifact id: '0b10cb1a12104d555078a9ed808be1ea') in 0.032202 seconds
Number of updated asset objects reloaded before import = 0
Number of asset objects unloaded after import = 3
========================================================================
Received Import Request.
  Time since last request: 0.000031 seconds.
  path: Assets/Images/kitchen_assets/Kitchen-9.png
  artifactKey: Guid(ae09bfc127fd60b4a9407148f4ac2054) Importer(815301076,1909f56bfc062723c751e8b465ee728b)
Start importing Assets/Images/kitchen_assets/Kitchen-9.png using Guid(ae09bfc127fd60b4a9407148f4ac2054) Importer(815301076,1909f56bfc062723c751e8b465ee728b)  -> (artifact id: '09efb716b67756bbb60669e4e4241b64') in 0.026913 seconds
Number of updated asset objects reloaded before import = 0
Number of asset objects unloaded after import = 3
========================================================================
Received Import Request.
  Time since last request: 0.000023 seconds.
  path: Assets/Images/kitchen_assets/Kitchen-28.png
  artifactKey: Guid(5fb9904e4539fca42b2d45af1ef838c7) Importer(815301076,1909f56bfc062723c751e8b465ee728b)
Start importing Assets/Images/kitchen_assets/Kitchen-28.png using Guid(5fb9904e4539fca42b2d45af1ef838c7) Importer(815301076,1909f56bfc062723c751e8b465ee728b)  -> (artifact id: '15726f7a0f4f3768e1ca9f2aa176f22e') in 0.030017 seconds
Number of updated asset objects reloaded before import = 0
Number of asset objects unloaded after import = 3
========================================================================
Received Import Request.
  Time since last request: 0.000030 seconds.
  path: Assets/Images/kitchen_assets/Kitchen-5.png
  artifactKey: Guid(876146818e70a3348804f4e13453ce6c) Importer(815301076,1909f56bfc062723c751e8b465ee728b)
Start importing Assets/Images/kitchen_assets/Kitchen-5.png using Guid(876146818e70a3348804f4e13453ce6c) Importer(815301076,1909f56bfc062723c751e8b465ee728b)  -> (artifact id: '39aab1df5cfcc1674835592da402b020') in 0.026091 seconds
Number of updated asset objects reloaded before import = 0
Number of asset objects unloaded after import = 3
Editor requested this worker to shutdown with reason: Scaling down because of idle timeout
TcpMessagingSession - receive error: operation aborted. errorcode: 995, details: The I/O operation has been aborted because of either a thread exit or an application request.
AssetImportWorker is now disconnected from the server
Process exiting
Exiting without the bug reporter. Application will terminate with return code 0